<?xml version="1.0" encoding="UTF-8"?>
<testng-results ignored="1" total="2" passed="1" failed="0" skipped="0">
  <reporter-output>
  </reporter-output>
  <suite started-at="2025-04-03T18:11:20 IST" name="Default suite" finished-at="2025-04-03T18:11:52 IST" duration-ms="31572">
    <groups>
      <group name="SystemTest">
        <method signature="BookAppointment_AddMediHistory_ST_Test.BookAnAppointment_ST_Test()[pri:0, instance:tataHealth_Smoke_Integreation_System_Test.BookAppointment_AddMediHistory_ST_Test@7c7a06ec]" name="BookAnAppointment_ST_Test" class="tataHealth_Smoke_Integreation_System_Test.BookAppointment_AddMediHistory_ST_Test"/>
      </group> <!-- SystemTest -->
    </groups>
    <test started-at="2025-04-03T18:11:20 IST" name="Default test" finished-at="2025-04-03T18:11:52 IST" duration-ms="31572">
      <class name="tataHealth_Smoke_Integreation_System_Test.BookAppointment_AddMediHistory_ST_Test">
        <test-method is-config="true" signature="configBS()[pri:0, instance:tataHealth_Smoke_Integreation_System_Test.BookAppointment_AddMediHistory_ST_Test@7c7a06ec]" started-at="2025-04-03T18:11:19 IST" name="configBS" finished-at="2025-04-03T18:11:20 IST" duration-ms="764" status="PASS">
          <reporter-output>
          </reporter-output>
        </test-method> <!-- configBS -->
        <test-method is-config="true" signature="configBC()[pri:0, instance:tataHealth_Smoke_Integreation_System_Test.BookAppointment_AddMediHistory_ST_Test@7c7a06ec]" started-at="2025-04-03T18:11:20 IST" name="configBC" finished-at="2025-04-03T18:11:22 IST" duration-ms="1908" status="PASS">
          <reporter-output>
          </reporter-output>
        </test-method> <!-- configBC -->
        <test-method is-config="true" signature="configBM()[pri:0, instance:tataHealth_Smoke_Integreation_System_Test.BookAppointment_AddMediHistory_ST_Test@7c7a06ec]" started-at="2025-04-03T18:11:22 IST" name="configBM" finished-at="2025-04-03T18:11:22 IST" duration-ms="52" status="PASS">
          <reporter-output>
          </reporter-output>
        </test-method> <!-- configBM -->
        <test-method signature="BookAnAppointment_ST_Test()[pri:0, instance:tataHealth_Smoke_Integreation_System_Test.BookAppointment_AddMediHistory_ST_Test@7c7a06ec]" started-at="2025-04-03T18:11:22 IST" name="BookAnAppointment_ST_Test" finished-at="2025-04-03T18:11:51 IST" duration-ms="29276" status="PASS">
          <reporter-output>
          </reporter-output>
        </test-method> <!-- BookAnAppointment_ST_Test -->
        <test-method is-config="true" signature="configAM()[pri:0, instance:tataHealth_Smoke_Integreation_System_Test.BookAppointment_AddMediHistory_ST_Test@7c7a06ec]" started-at="2025-04-03T18:11:51 IST" name="configAM" finished-at="2025-04-03T18:11:51 IST" duration-ms="2" status="PASS">
          <reporter-output>
          </reporter-output>
        </test-method> <!-- configAM -->
        <test-method is-config="true" signature="configAC()[pri:0, instance:tataHealth_Smoke_Integreation_System_Test.BookAppointment_AddMediHistory_ST_Test@7c7a06ec]" started-at="2025-04-03T18:11:51 IST" name="configAC" finished-at="2025-04-03T18:11:52 IST" duration-ms="274" status="PASS">
          <reporter-output>
          </reporter-output>
        </test-method> <!-- configAC -->
        <test-method is-config="true" signature="configAS()[pri:0, instance:tataHealth_Smoke_Integreation_System_Test.BookAppointment_AddMediHistory_ST_Test@7c7a06ec]" started-at="2025-04-03T18:11:52 IST" name="configAS" finished-at="2025-04-03T18:11:52 IST" duration-ms="23" status="PASS">
          <reporter-output>
          </reporter-output>
        </test-method> <!-- configAS -->
      </class> <!-- tataHealth_Smoke_Integreation_System_Test.BookAppointment_AddMediHistory_ST_Test -->
    </test> <!-- Default test -->
  </suite> <!-- Default suite -->
</testng-results>
