<?xml version="1.0" encoding="UTF-8"?>
<!-- Generated by org.testng.reporters.JUnitXMLReporter -->
<testsuite ignored="1" hostname="ANCHAL" failures="0" tests="1" name="Default test" time="31.572" errors="0" timestamp="2025-04-03T18:11:52 IST">
  <testcase classname="tataHealth_Smoke_Integreation_System_Test.BookAppointment_AddMediHistory_ST_Test" name="BookAnAppointment_ST_Test" time="29.276"/>
  <testcase classname="tataHealth_Smoke_Integreation_System_Test.BookAppointment_AddMediHistory_ST_Test" name="AddMedicalHistory_ST_Test" time="0.0">
    <ignored/>
  </testcase> <!-- AddMedicalHistory_ST_Test -->
</testsuite> <!-- Default test -->
